<?xml version="1.0" encoding="UTF-8"?>
<testsuite name="TelephoneBillingTest" tests="5" skipped="0" failures="0" errors="0" timestamp="2023-04-10T04:25:41" hostname="XIAOXI-LAPTOP" time="0.115">
  <properties/>
  <testcase name="[1] 2023-01-01 10:00:00, 2023-01-01 11:00:00, 5.1" classname="TelephoneBillingTest" time="0.098"/>
  <testcase name="[2] 2023-03-10 08:30:00, 2023-03-10 09:30:00, 5.1" classname="TelephoneBillingTest" time="0.001"/>
  <testcase name="[3] 2023-11-05 01:30:00, 2023-11-05 02:30:00, 5.1" classname="TelephoneBillingTest" time="0.002"/>
  <testcase name="[4] 2023-07-01 15:30:00, 2023-07-01 17:00:00, 8.1" classname="TelephoneBillingTest" time="0.001"/>
  <testcase name="[5] 2023-12-31 23:45:00, 2024-01-01 00:15:00, 2.1" classname="TelephoneBillingTest" time="0.002"/>
  <system-out><![CDATA[]]></system-out>
  <system-err><![CDATA[]]></system-err>
</testsuite>
